Using pre-set license
Built from '2020.3/release' branch; Version is '2020.3.7f1 (dd97f2c94397) revision 14522354'; Using compiler version '192528614'; Build Type 'Release'
OS: 'Windows 10 Home; OS build 19041.985; Version 2004; 64bit' Language: 'en' Physical Memory: 32725 MB
BatchMode: 1, IsHumanControllingUs: 0, StartBugReporterOnCrash: 0, Is64bit: 1, IsPro: 0

 COMMAND LINE ARGUMENTS:
C:\Program Files\Unity\Hub\Editor\2020.3.7f1\Editor\Unity.exe
-adb2
-batchMode
-noUpm
-name
AssetImportWorker0
-projectPath
E:/Unity stuff/Covid Runner
-logFile
Logs/AssetImportWorker0.log
-srvPort
58629
Successfully changed project path to: E:/Unity stuff/Covid Runner
E:/Unity stuff/Covid Runner
Using Asset Import Pipeline V2.
Refreshing native plugins compatible for Editor in 40.14 ms, found 1 plugins.
Preloading 0 native plugins for Editor in 0.00 ms.
Initialize engine version: 2020.3.7f1 (dd97f2c94397)
[Subsystems] Discovering subsystems at path C:/Program Files/Unity/Hub/Editor/2020.3.7f1/Editor/Data/Resources/UnitySubsystems
[Subsystems] Discovering subsystems at path E:/Unity stuff/Covid Runner/Assets
GfxDevice: creating device client; threaded=0
Direct3D:
    Version:  Direct3D 11.0 [level 11.1]
    Renderer: NVIDIA GeForce GTX 1070 (ID=0x1b81)
    Vendor:   
    VRAM:     8088 MB
    Driver:   27.21.14.5671
Initialize mono
Mono path[0] = 'C:/Program Files/Unity/Hub/Editor/2020.3.7f1/Editor/Data/Managed'
Mono path[1] = 'C:/Program Files/Unity/Hub/Editor/2020.3.7f1/Editor/Data/MonoBleedingEdge/lib/mono/unityjit'
Mono config path = 'C:/Program Files/Unity/Hub/Editor/2020.3.7f1/Editor/Data/MonoBleedingEdge/etc'
Using monoOptions --debugger-agent=transport=dt_socket,embedding=1,server=y,suspend=n,address=127.0.0.1:56276
Begin MonoManager ReloadAssembly
Registering precompiled unity dll's ...
Register platform support module: C:/Program Files/Unity/Hub/Editor/2020.3.7f1/Editor/Data/PlaybackEngines/WebGLSupport/UnityEditor.WebGL.Extensions.dll
Register platform support module: C:/Program Files/Unity/Hub/Editor/2020.3.7f1/Editor/Data/PlaybackEngines/WindowsStandaloneSupport/UnityEditor.WindowsStandalone.Extensions.dll
Registered in 0.002509 seconds.
Native extension for WindowsStandalone target not found
Native extension for WebGL target not found
Refreshing native plugins compatible for Editor in 40.42 ms, found 1 plugins.
Preloading 0 native plugins for Editor in 0.00 ms.
Mono: successfully reloaded assembly
- Completed reload, in  1.170 seconds
Platform modules already initialized, skipping
Registering precompiled user dll's ...
Registered in 0.000914 seconds.
Begin MonoManager ReloadAssembly
Native extension for WindowsStandalone target not found
Native extension for WebGL target not found
Refreshing native plugins compatible for Editor in 40.13 ms, found 1 plugins.
Preloading 0 native plugins for Editor in 0.00 ms.
Mono: successfully reloaded assembly
- Completed reload, in  1.030 seconds
Platform modules already initialized, skipping
========================================================================
Worker process is ready to serve import requests
Launched and connected shader compiler UnityShaderCompiler.exe after 0.04 seconds
Refreshing native plugins compatible for Editor in 0.30 ms, found 1 plugins.
Preloading 0 native plugins for Editor in 0.00 ms.
Unloading 1826 Unused Serialized files (Serialized files now loaded: 0)
System memory in use before: 87.7 MB.
System memory in use after: 87.7 MB.

Unloading 24 unused Assets to reduce memory usage. Loaded Objects now: 2270.
Total: 2.274200 ms (FindLiveObjects: 0.497900 ms CreateObjectMapping: 0.197700 ms MarkObjects: 1.468300 ms  DeleteObjects: 0.108400 ms)

========================================================================
Received Import Request.
  path: Assets/Plat (1) 3.prefab
  artifactKey: Guid(a2195bd649806f34ab9bf0f276d4c787) Importer(815301076,1909f56bfc062723c751e8b465ee728b)
Start importing Assets/Plat (1) 3.prefab using Guid(a2195bd649806f34ab9bf0f276d4c787) Importer(815301076,1909f56bfc062723c751e8b465ee728b)  -> (artifact id: 'dd3431be4f81a2652d0f26b8c5fd4725') in 0.128794 seconds
  Import took 0.132304 seconds .

========================================================================
Received Import Request.
  Time since last request: 3.242883 seconds.
  path: Assets/Plat (1).prefab
  artifactKey: Guid(1e646e724ca0a3343815fc93e2dd055f) Importer(815301076,1909f56bfc062723c751e8b465ee728b)
Start importing Assets/Plat (1).prefab using Guid(1e646e724ca0a3343815fc93e2dd055f) Importer(815301076,1909f56bfc062723c751e8b465ee728b)  -> (artifact id: 'ddc77ae0c136fb48a970ae5195eec76c') in 0.022026 seconds
  Import took 0.025957 seconds .

========================================================================
Received Import Request.
  Time since last request: 0.003914 seconds.
  path: Assets/Plat (1).prefab
  artifactKey: Guid(1e646e724ca0a3343815fc93e2dd055f) Importer(815301076,1909f56bfc062723c751e8b465ee728b)
Start importing Assets/Plat (1).prefab using Guid(1e646e724ca0a3343815fc93e2dd055f) Importer(815301076,1909f56bfc062723c751e8b465ee728b)  -> (artifact id: 'ddc77ae0c136fb48a970ae5195eec76c') in 0.017900 seconds
  Import took 0.023348 seconds .

========================================================================
Received Import Request.
  Time since last request: 296.027486 seconds.
  path: Assets/Plat (22).prefab
  artifactKey: Guid(79a8a4dccdbe310419cabc1179f958f8) Importer(815301076,1909f56bfc062723c751e8b465ee728b)
Start importing Assets/Plat (22).prefab using Guid(79a8a4dccdbe310419cabc1179f958f8) Importer(815301076,1909f56bfc062723c751e8b465ee728b)  -> (artifact id: '405cb0962de5015b8bcd4572c611a752') in 0.018225 seconds
  Import took 0.023791 seconds .

========================================================================
Received Import Request.
  Time since last request: 1.581708 seconds.
  path: Assets/Plat (22).prefab
  artifactKey: Guid(79a8a4dccdbe310419cabc1179f958f8) Importer(815301076,1909f56bfc062723c751e8b465ee728b)
Start importing Assets/Plat (22).prefab using Guid(79a8a4dccdbe310419cabc1179f958f8) Importer(815301076,1909f56bfc062723c751e8b465ee728b)  -> (artifact id: 'e53731e1b7434a4ec2b2d75ced6c6d1d') in 0.015954 seconds
  Import took 0.019210 seconds .

========================================================================
Received Import Request.
  Time since last request: 6.241861 seconds.
  path: Assets/Plat (22).prefab
  artifactKey: Guid(79a8a4dccdbe310419cabc1179f958f8) Importer(815301076,1909f56bfc062723c751e8b465ee728b)
Start importing Assets/Plat (22).prefab using Guid(79a8a4dccdbe310419cabc1179f958f8) Importer(815301076,1909f56bfc062723c751e8b465ee728b)  -> (artifact id: '607e94e505138163f51fd1eb1fd81c34') in 0.012538 seconds
  Import took 0.016324 seconds .

========================================================================
Received Prepare
Refreshing native plugins compatible for Editor in 1.50 ms, found 1 plugins.
Preloading 0 native plugins for Editor in 0.00 ms.
Unloading 10 Unused Serialized files (Serialized files now loaded: 0)
System memory in use before: 54.0 MB.
System memory in use after: 54.0 MB.

Unloading 10 unused Assets to reduce memory usage. Loaded Objects now: 2277.
Total: 2.732900 ms (FindLiveObjects: 0.163700 ms CreateObjectMapping: 0.100500 ms MarkObjects: 2.370300 ms  DeleteObjects: 0.097400 ms)

AssetImportWorkerClient::OnTransportError - code=2 error=End of file
